15:42:03 [main] INFO uk.co.jackoftrades.middle.game.Game.loadPain(Game.java:99) 
MonsterPain{painIndex=1, messages='shrug[s] off the attack.', 'grunt[s] with pain.', 'cr[ies|y] out in pain.', 'scream[s] in pain.', 'scream[s] in agony.', 'writhe[s] in agony.', 'cr[ies|y] out feebly.', 

15:42:03 [main] INFO uk.co.jackoftrades.middle.game.Game.loadPain(Game.java:99) 
MonsterPain{painIndex=2, messages='barely notice[s].', 'flinch[es].', 'squelch[es].', 'quiver[s] in pain.', 'writhe[s] about.', 'writhe[s] in agony.', 'jerk[s] limply.', 

15:42:03 [main] INFO uk.co.jackoftrades.middle.game.Game.loadPain(Game.java:99) 
MonsterPain{painIndex=3, messages='shrug[s] off the attack.', 'snarl[s] with pain.', 'yelp[s] in pain.', 'howl[s] in pain.', 'howl[s] in agony.', 'writhe[s] in agony.', 'yelp[s] feebly.', 

15:42:03 [main] INFO uk.co.jackoftrades.middle.game.Game.loadPain(Game.java:99) 
MonsterPain{painIndex=4, messages='ignore[s] the attack.', 'grunt[s] with pain.', 'squeal[s] in pain.', 'shriek[s] in pain.', 'shriek[s] in agony.', 'writhe[s] in agony.', 'cr[ies|y] out feebly.', 

15:42:03 [main] INFO uk.co.jackoftrades.middle.game.Game.loadPain(Game.java:99) 
MonsterPain{painIndex=5, messages='barely notice[s].', 'hiss[es].', 'rear[s] up in anger.', 'hiss[es] furiously.', 'writhe[s] about.', 'writhe[s] in agony.', 'jerk[s] limply.', 

15:42:03 [main] INFO uk.co.jackoftrades.middle.game.Game.loadPain(Game.java:99) 
MonsterPain{painIndex=6, messages='shrug[s] off the attack.', 'snarl[s].', 'growl[s] angrily.', 'hiss[es] in pain.', 'mewl[s] in pain.', 'hiss[es] in agony.', 'mewl[s] pitifully.', 

15:42:03 [main] INFO uk.co.jackoftrades.middle.game.Game.loadPain(Game.java:99) 
MonsterPain{painIndex=7, messages='ignore[s] the attack.', 'drone[s] angrily.', 'scuttle[s] about.', 'twitch[es] in pain.', 'jerk[s] in pain.', 'jerk[s] in agony.', 'jerk[s] feebly.', 

15:42:03 [main] INFO uk.co.jackoftrades.middle.game.Game.loadPain(Game.java:99) 
MonsterPain{painIndex=8, messages='shrug[s] off the attack.', 'flap[s] angrily.', 'jeer[s] in pain.', 'squawk[s] with pain.', 'twitter[s] in agony.', 'flutter[s] about.', 'chirp[s] feebly.', 

15:42:03 [main] INFO uk.co.jackoftrades.middle.game.Game.loadPain(Game.java:99) 
MonsterPain{painIndex=9, messages='ignore[s] the attack.', 'jerk[s].', 'rattle[s].', 'clatter[s].', 'shake[s].', 'stagger[s].', 'crumple[s].', 

15:42:03 [main] INFO uk.co.jackoftrades.middle.game.Game.loadPain(Game.java:99) 
MonsterPain{painIndex=10, messages='ignore[s] the attack.', 'grunt[s].', 'jerk[s].', 'moan[s].', 'groan[s].', 'hesitate[s].', 'stagger[s].', 

15:42:03 [main] INFO uk.co.jackoftrades.middle.game.Game.loadPain(Game.java:99) 
MonsterPain{painIndex=11, messages='ignore[s] the attack.', 'spin[s] fiercely.', 'swirl[s] about.', 'twist[s] around.', 'spin[s] slowly.', 'swirl[s] weakly.', 'twist[s] limply.', 

15:42:03 [main] INFO uk.co.jackoftrades.middle.game.Game.loadPain(Game.java:99) 
MonsterPain{painIndex=12, messages='laugh[s] off the attack.', 'sneer[s].', 'scowl[s].', 'bellow[s] in rage.', 'scream[s] in fury.', 'grunt[s].', 'wince[s].', 

