11:19:12 [main] ERROR uk.co.jackoftrades.middle.game.Game.loadProjection(Game.java:53) 
Error while loading projections

java.lang.NullPointerException: Cannot invoke "org.antlr.v4.runtime.Token.getText()" because "_localctx.UCASE" is null
	at uk.co.jackoftrades.backend.io.parsers.antlr.parsers.projectionreader.ProjectionReaderParser.colour(ProjectionReaderParser.java:984)
	at uk.co.jackoftrades.backend.io.parsers.antlr.parsers.projectionreader.ProjectionReaderParser.projection(ProjectionReaderParser.java:1194)
	at uk.co.jackoftrades.backend.io.parsers.antlr.parsers.projectionreader.ProjectionReaderParser.file(ProjectionReaderParser.java:1297)
	at uk.co.jackoftrades.backend.io.parsers.ProjectionParser.parse(ProjectionParser.java:20)
	at uk.co.jackoftrades.middle.game.Game.loadProjection(Game.java:51)
	at uk.co.jackoftrades.middle.game.Game.init(Game.java:41)
	at uk.co.jackoftrades.Main.main(Main.java:16)
21:43:15 [main] ERROR uk.co.jackoftrades.middle.game.Game.loadUIEntryBase(Game.java:68) 
Error while loading UI entry base.

java.lang.NullPointerException: Cannot invoke "java.lang.StringBuilder.toString()" because "_localctx.desc.description" is null
	at uk.co.jackoftrades.backend.io.parsers.antlr.uientrybase.UIEntryBaseParser.base(UIEntryBaseParser.java:535)
	at uk.co.jackoftrades.backend.io.parsers.antlr.uientrybase.UIEntryBaseParser.bases(UIEntryBaseParser.java:601)
	at uk.co.jackoftrades.backend.io.parsers.UIEntryBaseParser.parse(UIEntryBaseParser.java:19)
	at uk.co.jackoftrades.middle.game.Game.loadUIEntryBase(Game.java:66)
	at uk.co.jackoftrades.middle.game.Game.init(Game.java:56)
	at uk.co.jackoftrades.Main.main(Main.java:16)
11:59:45 [main] ERROR uk.co.jackoftrades.backend.io.parsers.UIEntryParser.parse(UIEntryParser.java:27) 
No enum constant uk.co.jackoftrades.frontend.entries.UIEntry.StatElemType.stat

12:01:19 [main] ERROR uk.co.jackoftrades.backend.io.parsers.UIEntryParser.parse(UIEntryParser.java:27) 
No enum constant uk.co.jackoftrades.frontend.entries.UIEntry.StatElemType.stat

13:08:54 [main] ERROR uk.co.jackoftrades.backend.io.parsers.UIEntryParser.parse(UIEntryParser.java:27) 
No enum constant uk.co.jackoftrades.frontend.screen.enums.EntryFlag.TIMED_AS_AUX

14:52:58 [main] ERROR uk.co.jackoftrades.middle.game.Game.loadPlayerProperties(Game.java:81) 
Error while loading player properties!

java.lang.NullPointerException: Cannot read field "uiEntry" because "_localctx.bindui" is null
	at uk.co.jackoftrades.backend.io.parsers.antlr.playerpropertyformatter.PlayerPropertyParser.playerProperty(PlayerPropertyParser.java:639)
	at uk.co.jackoftrades.backend.io.parsers.antlr.playerpropertyformatter.PlayerPropertyParser.playerProperties(PlayerPropertyParser.java:720)
	at uk.co.jackoftrades.backend.io.parsers.PlayerPropertyReader.parse(PlayerPropertyReader.java:21)
	at uk.co.jackoftrades.middle.game.Game.loadPlayerProperties(Game.java:79)
	at uk.co.jackoftrades.middle.game.Game.init(Game.java:70)
	at uk.co.jackoftrades.Main.main(Main.java:16)
19:39:26 [main] ERROR uk.co.jackoftrades.middle.game.Game.loadPlayerProperties(Game.java:81) 
Error while loading player properties!

java.lang.NullPointerException: Cannot read field "val" because "_localctx.value" is null
	at uk.co.jackoftrades.backend.io.parsers.antlr.playerpropertyformatter.PlayerPropertyParser.playerProperty(PlayerPropertyParser.java:651)
	at uk.co.jackoftrades.backend.io.parsers.antlr.playerpropertyformatter.PlayerPropertyParser.playerProperties(PlayerPropertyParser.java:720)
	at uk.co.jackoftrades.backend.io.parsers.PlayerPropertyReader.parse(PlayerPropertyReader.java:21)
	at uk.co.jackoftrades.middle.game.Game.loadPlayerProperties(Game.java:79)
	at uk.co.jackoftrades.middle.game.Game.init(Game.java:70)
	at uk.co.jackoftrades.Main.main(Main.java:16)
19:40:57 [main] ERROR uk.co.jackoftrades.middle.game.Game.loadPlayerProperties(Game.java:81) 
Error while loading player properties!

java.lang.IllegalArgumentException: No enum constant uk.co.jackoftrades.middle.player.enums.PlayerFlag.PF_SUST_STR
	at java.base/java.lang.Enum.valueOf(Enum.java:293)
	at uk.co.jackoftrades.middle.player.enums.PlayerFlag.valueOf(PlayerFlag.java:3)
	at uk.co.jackoftrades.backend.io.parsers.antlr.playerpropertyformatter.PlayerPropertyParser.code(PlayerPropertyParser.java:194)
	at uk.co.jackoftrades.backend.io.parsers.antlr.playerpropertyformatter.PlayerPropertyParser.playerProperty(PlayerPropertyParser.java:597)
	at uk.co.jackoftrades.backend.io.parsers.antlr.playerpropertyformatter.PlayerPropertyParser.playerProperties(PlayerPropertyParser.java:720)
	at uk.co.jackoftrades.backend.io.parsers.PlayerPropertyReader.parse(PlayerPropertyReader.java:21)
	at uk.co.jackoftrades.middle.game.Game.loadPlayerProperties(Game.java:79)
	at uk.co.jackoftrades.middle.game.Game.init(Game.java:70)
	at uk.co.jackoftrades.Main.main(Main.java:16)
19:46:21 [main] ERROR uk.co.jackoftrades.middle.game.Game.loadPlayerProperties(Game.java:81) 
Error while loading player properties!

java.lang.IllegalArgumentException: No enum constant uk.co.jackoftrades.middle.player.enums.PlayerFlag.PF_SUST_STR
	at java.base/java.lang.Enum.valueOf(Enum.java:293)
	at uk.co.jackoftrades.middle.player.enums.PlayerFlag.valueOf(PlayerFlag.java:3)
	at uk.co.jackoftrades.backend.io.parsers.antlr.playerpropertyformatter.PlayerPropertyParser.code(PlayerPropertyParser.java:194)
	at uk.co.jackoftrades.backend.io.parsers.antlr.playerpropertyformatter.PlayerPropertyParser.playerProperty(PlayerPropertyParser.java:628)
	at uk.co.jackoftrades.backend.io.parsers.antlr.playerpropertyformatter.PlayerPropertyParser.playerProperties(PlayerPropertyParser.java:763)
	at uk.co.jackoftrades.backend.io.parsers.PlayerPropertyReader.parse(PlayerPropertyReader.java:21)
	at uk.co.jackoftrades.middle.game.Game.loadPlayerProperties(Game.java:79)
	at uk.co.jackoftrades.middle.game.Game.init(Game.java:70)
	at uk.co.jackoftrades.Main.main(Main.java:16)
19:55:25 [main] ERROR uk.co.jackoftrades.middle.game.Game.loadPlayerProperties(Game.java:81) 
Error while loading player properties!

java.lang.IllegalArgumentException: No enum constant uk.co.jackoftrades.middle.objects.enums.ObjectFlag.OF_ROCK
	at java.base/java.lang.Enum.valueOf(Enum.java:293)
	at uk.co.jackoftrades.middle.objects.enums.ObjectFlag.valueOf(ObjectFlag.java:5)
	at uk.co.jackoftrades.backend.io.parsers.antlr.playerpropertyformatter.PlayerPropertyParser.code(PlayerPropertyParser.java:194)
	at uk.co.jackoftrades.backend.io.parsers.antlr.playerpropertyformatter.PlayerPropertyParser.playerProperty(PlayerPropertyParser.java:628)
	at uk.co.jackoftrades.backend.io.parsers.antlr.playerpropertyformatter.PlayerPropertyParser.playerProperties(PlayerPropertyParser.java:763)
	at uk.co.jackoftrades.backend.io.parsers.PlayerPropertyReader.parse(PlayerPropertyReader.java:21)
	at uk.co.jackoftrades.middle.game.Game.loadPlayerProperties(Game.java:79)
	at uk.co.jackoftrades.middle.game.Game.init(Game.java:70)
	at uk.co.jackoftrades.Main.main(Main.java:16)
20:13:11 [main] ERROR uk.co.jackoftrades.middle.game.Game.loadPlayerProperties(Game.java:81) 
Error while loading player properties!

java.lang.NullPointerException: Cannot read field "objectFlag" because "_localctx.code" is null
	at uk.co.jackoftrades.backend.io.parsers.antlr.playerpropertyformatter.PlayerPropertyParser.playerProperty(PlayerPropertyParser.java:691)
	at uk.co.jackoftrades.backend.io.parsers.antlr.playerpropertyformatter.PlayerPropertyParser.playerProperties(PlayerPropertyParser.java:785)
	at uk.co.jackoftrades.backend.io.parsers.PlayerPropertyReader.parse(PlayerPropertyReader.java:21)
	at uk.co.jackoftrades.middle.game.Game.loadPlayerProperties(Game.java:79)
	at uk.co.jackoftrades.middle.game.Game.init(Game.java:70)
	at uk.co.jackoftrades.Main.main(Main.java:16)
20:13:25 [main] ERROR uk.co.jackoftrades.middle.game.Game.loadPlayerProperties(Game.java:81) 
Error while loading player properties!

java.lang.NullPointerException: Cannot read field "objectFlag" because "_localctx.code" is null
	at uk.co.jackoftrades.backend.io.parsers.antlr.playerpropertyformatter.PlayerPropertyParser.playerProperty(PlayerPropertyParser.java:691)
	at uk.co.jackoftrades.backend.io.parsers.antlr.playerpropertyformatter.PlayerPropertyParser.playerProperties(PlayerPropertyParser.java:785)
	at uk.co.jackoftrades.backend.io.parsers.PlayerPropertyReader.parse(PlayerPropertyReader.java:21)
	at uk.co.jackoftrades.middle.game.Game.loadPlayerProperties(Game.java:79)
	at uk.co.jackoftrades.middle.game.Game.init(Game.java:70)
	at uk.co.jackoftrades.Main.main(Main.java:16)
